[Sun Jul 02 11:11:18.379868 2023] [fcgid:info] [pid 1013258:tid 139895558161536] mod_fcgid: Process manager 1013258 started
[Sun Jul 02 11:11:18.381775 2023] [mpm_event:notice] [pid 1013250:tid 139895558161536] AH00489: Apache/2.4.54 (Unix) mod_fcgid/2.3.9 configured -- resuming normal operations
[Sun Jul 02 11:11:18.381889 2023] [mpm_event:info] [pid 1013250:tid 139895558161536] AH00490: Server built: Aug 23 2022 08:24:29
[Sun Jul 02 11:11:18.381898 2023] [core:notice] [pid 1013250:tid 139895558161536] AH00094: Command line: '/usr/alwaysdata/apache/2.4.54/bin/apache -f /home/portfolio-sophie/admin/config/apache/apache.conf -D FOREGROUND'
[Sun Jul 02 11:11:18.605581 2023] [fcgid:info] [pid 1013258:tid 139895558161536] mod_fcgid: server portfolio-sophie.alwaysdata.net:/usr/bin/env(1013525) started
[Sun Jul 02 11:42:16.420134 2023] [mpm_event:notice] [pid 1013250:tid 139895558161536] AH00491: caught SIGTERM, shutting down
[Sun Jul 02 11:42:16.496715 2023] [fcgid:info] [pid 1013258:tid 139895558161536] mod_fcgid: process /usr/bin/env(1013525) exit(shutting down), terminated by calling exit(), return code: 0
[Sun Jul 02 11:42:16.496755 2023] [fcgid:info] [pid 1013258:tid 139895558161536] mod_fcgid: Process manager 1013258 stopped
[Tue Jul 11 09:07:53.144746 2023] [fcgid:info] [pid 3471587:tid 139646119826560] mod_fcgid: Process manager 3471587 started
[Tue Jul 11 09:07:53.146200 2023] [mpm_event:notice] [pid 3471579:tid 139646119826560] AH00489: Apache/2.4.54 (Unix) mod_fcgid/2.3.9 configured -- resuming normal operations
[Tue Jul 11 09:07:53.146281 2023] [mpm_event:info] [pid 3471579:tid 139646119826560] AH00490: Server built: Aug 23 2022 08:24:29
[Tue Jul 11 09:07:53.146289 2023] [core:notice] [pid 3471579:tid 139646119826560] AH00094: Command line: '/usr/alwaysdata/apache/2.4.54/bin/apache -f /home/portfolio-sophie/admin/config/apache/apache.conf -D FOREGROUND'
[Tue Jul 11 09:07:53.379273 2023] [fcgid:info] [pid 3471587:tid 139646119826560] mod_fcgid: server portfolio-sophie.alwaysdata.net:/usr/bin/env(3471864) started
[Tue Jul 11 10:07:24.252816 2023] [mpm_event:notice] [pid 3471579:tid 139646119826560] AH00491: caught SIGTERM, shutting down
[Tue Jul 11 10:07:24.329420 2023] [fcgid:info] [pid 3471587:tid 139646119826560] mod_fcgid: process /usr/bin/env(3471864) exit(shutting down), terminated by calling exit(), return code: 0
[Tue Jul 11 10:07:24.329459 2023] [fcgid:info] [pid 3471587:tid 139646119826560] mod_fcgid: Process manager 3471587 stopped
[Tue Jul 11 11:48:32.101141 2023] [fcgid:info] [pid 641104:tid 140043567027328] mod_fcgid: Process manager 641104 started
[Tue Jul 11 11:48:32.102495 2023] [mpm_event:notice] [pid 641096:tid 140043567027328] AH00489: Apache/2.4.54 (Unix) mod_fcgid/2.3.9 configured -- resuming normal operations
[Tue Jul 11 11:48:32.102563 2023] [mpm_event:info] [pid 641096:tid 140043567027328] AH00490: Server built: Aug 23 2022 08:24:29
[Tue Jul 11 11:48:32.102571 2023] [core:notice] [pid 641096:tid 140043567027328] AH00094: Command line: '/usr/alwaysdata/apache/2.4.54/bin/apache -f /home/portfolio-sophie/admin/config/apache/apache.conf -D FOREGROUND'
[Tue Jul 11 11:48:32.335548 2023] [fcgid:info] [pid 641104:tid 140043567027328] mod_fcgid: server portfolio-sophie.alwaysdata.net:/usr/bin/env(641416) started
[Tue Jul 11 12:23:23.515688 2023] [mpm_event:notice] [pid 641096:tid 140043567027328] AH00491: caught SIGTERM, shutting down
[Tue Jul 11 12:23:23.592270 2023] [fcgid:info] [pid 641104:tid 140043567027328] mod_fcgid: process /usr/bin/env(641416) exit(shutting down), terminated by calling exit(), return code: 0
[Tue Jul 11 12:23:23.592310 2023] [fcgid:info] [pid 641104:tid 140043567027328] mod_fcgid: Process manager 641104 stopped
[Fri Jul 14 12:13:41.898369 2023] [fcgid:info] [pid 1312271:tid 140405628384384] mod_fcgid: Process manager 1312271 started
[Fri Jul 14 12:13:41.899734 2023] [mpm_event:notice] [pid 1312258:tid 140405628384384] AH00489: Apache/2.4.54 (Unix) mod_fcgid/2.3.9 configured -- resuming normal operations
[Fri Jul 14 12:13:41.899786 2023] [mpm_event:info] [pid 1312258:tid 140405628384384] AH00490: Server built: Aug 23 2022 08:24:29
[Fri Jul 14 12:13:41.899801 2023] [core:notice] [pid 1312258:tid 140405628384384] AH00094: Command line: '/usr/alwaysdata/apache/2.4.54/bin/apache -f /home/portfolio-sophie/admin/config/apache/apache.conf -D FOREGROUND'
[Fri Jul 14 12:13:42.130007 2023] [fcgid:info] [pid 1312271:tid 140405628384384] mod_fcgid: server portfolio-sophie.alwaysdata.net:/usr/bin/env(1312548) started
